# JRE version: OpenJDK Runtime Environment (11.0.10) (build 11.0.10+0-b96-7249189)
# Java VM: OpenJDK 64-Bit Server VM (11.0.10+0-b96-7249189, mixed mode, tiered, compressed oops, g1 gc, windows-amd64)
Heap:
 garbage-first heap   total 273408K, used 165374K [0x0000000080000000, 0x0000000100000000)
  region size 1024K, 2 young (2048K), 2 survivors (2048K)
 Metaspace       used 135271K, capacity 139036K, committed 139164K, reserved 1171456K
  class space    used 16571K, capacity 17906K, committed 18004K, reserved 1048576K
GC Heap History (20 events):
Event: 6755.369 GC heap after
{Heap after GC invocations=218 (full 0):
 garbage-first heap   total 227328K, used 165342K [0x0000000080000000, 0x0000000100000000)
  region size 1024K, 2 young (2048K), 2 survivors (2048K)
 Metaspace       used 129595K, capacity 133220K, committed 133404K, reserved 1165312K
  class space    used 15805K, capacity 17060K, committed 17108K, reserved 1048576K
}
Event: 6756.040 GC heap before
{Heap before GC invocations=218 (full 0):
 garbage-first heap   total 227328K, used 190942K [0x0000000080000000, 0x0000000100000000)
  region size 1024K, 27 young (27648K), 2 survivors (2048K)
 Metaspace       used 131651K, capacity 135313K, committed 135580K, reserved 1167360K
  class space    used 16181K, capacity 17469K, committed 17492K, reserved 1048576K
}
Event: 6756.060 GC heap after
{Heap after GC invocations=219 (full 0):
 garbage-first heap   total 227328K, used 167783K [0x0000000080000000, 0x0000000100000000)
  region size 1024K, 4 young (4096K), 4 survivors (4096K)
 Metaspace       used 131651K, capacity 135313K, committed 135580K, reserved 1167360K
  class space    used 16181K, capacity 17469K, committed 17492K, reserved 1048576K
}
Event: 6756.571 GC heap before
{Heap before GC invocations=219 (full 0):
 garbage-first heap   total 227328K, used 192359K [0x0000000080000000, 0x0000000100000000)
  region size 1024K, 28 young (28672K), 4 survivors (4096K)
 Metaspace       used 132590K, capacity 136312K, committed 136604K, reserved 1169408K
  class space    used 16368K, capacity 17674K, committed 17748K, reserved 1048576K
}
Event: 6756.583 GC heap after
{Heap after GC invocations=220 (full 0):
 garbage-first heap   total 227328K, used 168359K [0x0000000080000000, 0x0000000100000000)
  region size 1024K, 1 young (1024K), 1 survivors (1024K)
 Metaspace       used 132590K, capacity 136312K, committed 136604K, reserved 1169408K
  class space    used 16368K, capacity 17674K, committed 17748K, reserved 1048576K
}
Event: 6757.310 GC heap before
{Heap before GC invocations=221 (full 0):
 garbage-first heap   total 227328K, used 191911K [0x0000000080000000, 0x0000000100000000)
  region size 1024K, 25 young (25600K), 1 survivors (1024K)
 Metaspace       used 133489K, capacity 137295K, committed 137500K, reserved 1169408K
  class space    used 16472K, capacity 17804K, committed 17876K, reserved 1048576K
}
Event: 6757.315 GC heap after
{Heap after GC invocations=222 (full 0):
 garbage-first heap   total 227328K, used 168443K [0x0000000080000000, 0x0000000100000000)
  region size 1024K, 1 young (1024K), 1 survivors (1024K)
 Metaspace       used 133489K, capacity 137295K, committed 137500K, reserved 1169408K
  class space    used 16472K, capacity 17804K, committed 17876K, reserved 1048576K
}
Event: 6757.714 GC heap before
{Heap before GC invocations=222 (full 0):
 garbage-first heap   total 227328K, used 178683K [0x0000000080000000, 0x0000000100000000)
  region size 1024K, 11 young (11264K), 1 survivors (1024K)
 Metaspace       used 133852K, capacity 137673K, committed 137756K, reserved 1169408K
  class space    used 16496K, capacity 17837K, committed 17876K, reserved 1048576K
}
Event: 6757.730 GC heap after
{Heap after GC invocations=223 (full 0):
 garbage-first heap   total 227328K, used 164865K [0x0000000080000000, 0x0000000100000000)
  region size 1024K, 1 young (1024K), 1 survivors (1024K)
 Metaspace       used 133852K, capacity 137673K, committed 137756K, reserved 1169408K
  class space    used 16496K, capacity 17837K, committed 17876K, reserved 1048576K
}
Event: 6758.827 GC heap before
{Heap before GC invocations=223 (full 0):
 garbage-first heap   total 227328K, used 192513K [0x0000000080000000, 0x0000000100000000)
  region size 1024K, 28 young (28672K), 1 survivors (1024K)
 Metaspace       used 134633K, capacity 138478K, committed 138652K, reserved 1169408K
  class space    used 16569K, capacity 17909K, committed 18004K, reserved 1048576K
}
Event: 6758.835 GC heap after
{Heap after GC invocations=224 (full 0):
 garbage-first heap   total 227328K, used 165214K [0x0000000080000000, 0x0000000100000000)
  region size 1024K, 1 young (1024K), 1 survivors (1024K)
 Metaspace       used 134633K, capacity 138478K, committed 138652K, reserved 1169408K
  class space    used 16569K, capacity 17909K, committed 18004K, reserved 1048576K
}
Event: 6760.025 GC heap before
{Heap before GC invocations=225 (full 0):
 garbage-first heap   total 227328K, used 193886K [0x0000000080000000, 0x0000000100000000)
  region size 1024K, 29 young (29696K), 1 survivors (1024K)
 Metaspace       used 134794K, capacity 138594K, committed 138908K, reserved 1171456K
  class space    used 16549K, capacity 17870K, committed 18004K, reserved 1048576K
}
Event: 6760.035 GC heap after
{Heap after GC invocations=226 (full 0):
 garbage-first heap   total 227328K, used 165698K [0x0000000080000000, 0x0000000100000000)
  region size 1024K, 2 young (2048K), 2 survivors (2048K)
 Metaspace       used 134794K, capacity 138594K, committed 138908K, reserved 1171456K
  class space    used 16549K, capacity 17870K, committed 18004K, reserved 1048576K
}
Event: 6760.482 GC heap before
{Heap before GC invocations=226 (full 0):
 garbage-first heap   total 227328K, used 194370K [0x0000000080000000, 0x0000000100000000)
  region size 1024K, 30 young (30720K), 2 survivors (2048K)
 Metaspace       used 134888K, capacity 138672K, committed 138908K, reserved 1171456K
  class space    used 16551K, capacity 17874K, committed 18004K, reserved 1048576K
}
Event: 6760.488 GC heap after
{Heap after GC invocations=227 (full 0):
 garbage-first heap   total 227328K, used 165478K [0x0000000080000000, 0x0000000100000000)
  region size 1024K, 2 young (2048K), 2 survivors (2048K)
 Metaspace       used 134888K, capacity 138672K, committed 138908K, reserved 1171456K
  class space    used 16551K, capacity 17874K, committed 18004K, reserved 1048576K
}
Event: 6761.571 GC heap before
{Heap before GC invocations=228 (full 0):
 garbage-first heap   total 227328K, used 195174K [0x0000000080000000, 0x0000000100000000)
  region size 1024K, 31 young (31744K), 2 survivors (2048K)
 Metaspace       used 135071K, capacity 138838K, committed 139164K, reserved 1171456K
  class space    used 16571K, capacity 17906K, committed 18004K, reserved 1048576K
}
Event: 6761.580 GC heap after
{Heap after GC invocations=229 (full 0):
 garbage-first heap   total 227328K, used 165516K [0x0000000080000000, 0x0000000100000000)
  region size 1024K, 2 young (2048K), 2 survivors (2048K)
 Metaspace       used 135071K, capacity 138838K, committed 139164K, reserved 1171456K
  class space    used 16571K, capacity 17906K, committed 18004K, reserved 1048576K
}
Event: 6761.656 GC heap before
{Heap before GC invocations=229 (full 0):
 garbage-first heap   total 227328K, used 174732K [0x0000000080000000, 0x0000000100000000)
  region size 1024K, 11 young (11264K), 2 survivors (2048K)
 Metaspace       used 135084K, capacity 138903K, committed 139164K, reserved 1171456K
  class space    used 16571K, capacity 17906K, committed 18004K, reserved 1048576K
}
Event: 6761.666 GC heap after
{Heap after GC invocations=230 (full 0):
 garbage-first heap   total 227328K, used 165434K [0x0000000080000000, 0x0000000100000000)
  region size 1024K, 2 young (2048K), 2 survivors (2048K)
 Metaspace       used 135084K, capacity 138903K, committed 139164K, reserved 1171456K
  class space    used 16571K, capacity 17906K, committed 18004K, reserved 1048576K
}
Event: 6762.210 GC heap before
{Heap before GC invocations=230 (full 0):
 garbage-first heap   total 227328K, used 195130K [0x0000000080000000, 0x0000000100000000)
  region size 1024K, 31 young (31744K), 2 survivors (2048K)
 Metaspace       used 135271K, capacity 139036K, committed 139164K, reserved 1171456K
  class space    used 16571K, capacity 17906K, committed 18004K, reserved 1048576K
}

