# JRE version: OpenJDK Runtime Environment (11.0.10) (build 11.0.10+0-b96-7249189)
# Java VM: OpenJDK 64-Bit Server VM (11.0.10+0-b96-7249189, mixed mode, tiered, compressed oops, g1 gc, windows-amd64)
Heap:
 garbage-first heap   total 702464K, used 237484K [0x0000000080000000, 0x0000000100000000)
  region size 1024K, 3 young (3072K), 3 survivors (3072K)
 Metaspace       used 143553K, capacity 147724K, committed 147788K, reserved 1177600K
  class space    used 17971K, capacity 19516K, committed 19532K, reserved 1048576K
GC Heap History (20 events):
Event: 2190.317 GC heap after
{Heap after GC invocations=130 (full 0):
 garbage-first heap   total 227328K, used 160951K [0x0000000080000000, 0x0000000100000000)
  region size 1024K, 4 young (4096K), 4 survivors (4096K)
 Metaspace       used 143161K, capacity 147271K, committed 147532K, reserved 1177600K
  class space    used 17963K, capacity 19477K, committed 19532K, reserved 1048576K
}
Event: 2190.984 GC heap before
{Heap before GC invocations=130 (full 0):
 garbage-first heap   total 227328K, used 180407K [0x0000000080000000, 0x0000000100000000)
  region size 1024K, 21 young (21504K), 4 survivors (4096K)
 Metaspace       used 143313K, capacity 147405K, committed 147532K, reserved 1177600K
  class space    used 17963K, capacity 19477K, committed 19532K, reserved 1048576K
}
Event: 2191.021 GC heap after
{Heap after GC invocations=131 (full 0):
 garbage-first heap   total 227328K, used 171754K [0x0000000080000000, 0x0000000100000000)
  region size 1024K, 3 young (3072K), 3 survivors (3072K)
 Metaspace       used 143313K, capacity 147405K, committed 147532K, reserved 1177600K
  class space    used 17963K, capacity 19477K, committed 19532K, reserved 1048576K
}
Event: 2191.249 GC heap before
{Heap before GC invocations=132 (full 0):
 garbage-first heap   total 227328K, used 185066K [0x0000000080000000, 0x0000000100000000)
  region size 1024K, 16 young (16384K), 3 survivors (3072K)
 Metaspace       used 143323K, capacity 147405K, committed 147532K, reserved 1177600K
  class space    used 17963K, capacity 19477K, committed 19532K, reserved 1048576K
}
Event: 2191.287 GC heap after
{Heap after GC invocations=133 (full 0):
 garbage-first heap   total 273408K, used 178896K [0x0000000080000000, 0x0000000100000000)
  region size 1024K, 2 young (2048K), 2 survivors (2048K)
 Metaspace       used 143323K, capacity 147405K, committed 147532K, reserved 1177600K
  class space    used 17963K, capacity 19477K, committed 19532K, reserved 1048576K
}
Event: 2191.474 GC heap before
{Heap before GC invocations=133 (full 0):
 garbage-first heap   total 273408K, used 190160K [0x0000000080000000, 0x0000000100000000)
  region size 1024K, 13 young (13312K), 2 survivors (2048K)
 Metaspace       used 143331K, capacity 147406K, committed 147532K, reserved 1177600K
  class space    used 17963K, capacity 19477K, committed 19532K, reserved 1048576K
}
Event: 2191.500 GC heap after
{Heap after GC invocations=134 (full 0):
 garbage-first heap   total 273408K, used 185732K [0x0000000080000000, 0x0000000100000000)
  region size 1024K, 2 young (2048K), 2 survivors (2048K)
 Metaspace       used 143331K, capacity 147406K, committed 147532K, reserved 1177600K
  class space    used 17963K, capacity 19477K, committed 19532K, reserved 1048576K
}
Event: 2191.976 GC heap before
{Heap before GC invocations=134 (full 0):
 garbage-first heap   total 273408K, used 209284K [0x0000000080000000, 0x0000000100000000)
  region size 1024K, 25 young (25600K), 2 survivors (2048K)
 Metaspace       used 143340K, capacity 147407K, committed 147532K, reserved 1177600K
  class space    used 17963K, capacity 19477K, committed 19532K, reserved 1048576K
}
Event: 2192.007 GC heap after
{Heap after GC invocations=135 (full 0):
 garbage-first heap   total 273408K, used 198582K [0x0000000080000000, 0x0000000100000000)
  region size 1024K, 4 young (4096K), 4 survivors (4096K)
 Metaspace       used 143340K, capacity 147407K, committed 147532K, reserved 1177600K
  class space    used 17963K, capacity 19477K, committed 19532K, reserved 1048576K
}
Event: 2192.618 GC heap before
{Heap before GC invocations=135 (full 0):
 garbage-first heap   total 273408K, used 218038K [0x0000000080000000, 0x0000000100000000)
  region size 1024K, 23 young (23552K), 4 survivors (4096K)
 Metaspace       used 143343K, capacity 147471K, committed 147532K, reserved 1177600K
  class space    used 17963K, capacity 19477K, committed 19532K, reserved 1048576K
}
Event: 2192.651 GC heap after
{Heap after GC invocations=136 (full 0):
 garbage-first heap   total 273408K, used 207872K [0x0000000080000000, 0x0000000100000000)
  region size 1024K, 3 young (3072K), 3 survivors (3072K)
 Metaspace       used 143343K, capacity 147471K, committed 147532K, reserved 1177600K
  class space    used 17963K, capacity 19477K, committed 19532K, reserved 1048576K
}
Event: 2192.864 GC heap before
{Heap before GC invocations=136 (full 0):
 garbage-first heap   total 273408K, used 224256K [0x0000000080000000, 0x0000000100000000)
  region size 1024K, 19 young (19456K), 3 survivors (3072K)
 Metaspace       used 143383K, capacity 147471K, committed 147532K, reserved 1177600K
  class space    used 17963K, capacity 19477K, committed 19532K, reserved 1048576K
}
Event: 2192.898 GC heap after
{Heap after GC invocations=137 (full 0):
 garbage-first heap   total 429056K, used 212992K [0x0000000080000000, 0x0000000100000000)
  region size 1024K, 3 young (3072K), 3 survivors (3072K)
 Metaspace       used 143383K, capacity 147471K, committed 147532K, reserved 1177600K
  class space    used 17963K, capacity 19477K, committed 19532K, reserved 1048576K
}
Event: 2193.922 GC heap before
{Heap before GC invocations=138 (full 0):
 garbage-first heap   total 429056K, used 274432K [0x0000000080000000, 0x0000000100000000)
  region size 1024K, 64 young (65536K), 3 survivors (3072K)
 Metaspace       used 143476K, capacity 147559K, committed 147788K, reserved 1177600K
  class space    used 17967K, capacity 19483K, committed 19532K, reserved 1048576K
}
Event: 2193.952 GC heap after
{Heap after GC invocations=139 (full 0):
 garbage-first heap   total 429056K, used 217703K [0x0000000080000000, 0x0000000100000000)
  region size 1024K, 8 young (8192K), 8 survivors (8192K)
 Metaspace       used 143476K, capacity 147559K, committed 147788K, reserved 1177600K
  class space    used 17967K, capacity 19483K, committed 19532K, reserved 1048576K
}
Event: 2194.789 GC heap before
{Heap before GC invocations=139 (full 0):
 garbage-first heap   total 429056K, used 284263K [0x0000000080000000, 0x0000000100000000)
  region size 1024K, 74 young (75776K), 8 survivors (8192K)
 Metaspace       used 143532K, capacity 147722K, committed 147788K, reserved 1177600K
  class space    used 17971K, capacity 19516K, committed 19532K, reserved 1048576K
}
Event: 2194.863 GC heap after
{Heap after GC invocations=140 (full 0):
 garbage-first heap   total 429056K, used 222370K [0x0000000080000000, 0x0000000100000000)
  region size 1024K, 10 young (10240K), 10 survivors (10240K)
 Metaspace       used 143532K, capacity 147722K, committed 147788K, reserved 1177600K
  class space    used 17971K, capacity 19516K, committed 19532K, reserved 1048576K
}
Event: 2197.887 GC heap before
{Heap before GC invocations=141 (full 0):
 garbage-first heap   total 429056K, used 308386K [0x0000000080000000, 0x0000000100000000)
  region size 1024K, 84 young (86016K), 10 survivors (10240K)
 Metaspace       used 143544K, capacity 147722K, committed 147788K, reserved 1177600K
  class space    used 17971K, capacity 19516K, committed 19532K, reserved 1048576K
}
Event: 2197.936 GC heap after
{Heap after GC invocations=142 (full 0):
 garbage-first heap   total 429056K, used 238907K [0x0000000080000000, 0x0000000100000000)
  region size 1024K, 10 young (10240K), 10 survivors (10240K)
 Metaspace       used 143544K, capacity 147722K, committed 147788K, reserved 1177600K
  class space    used 17971K, capacity 19516K, committed 19532K, reserved 1048576K
}
Event: 2198.181 GC heap before
{Heap before GC invocations=142 (full 0):
 garbage-first heap   total 429056K, used 254267K [0x0000000080000000, 0x0000000100000000)
  region size 1024K, 20 young (20480K), 10 survivors (10240K)
 Metaspace       used 143553K, capacity 147724K, committed 147788K, reserved 1177600K
  class space    used 17971K, capacity 19516K, committed 19532K, reserved 1048576K
}

