# JRE version: OpenJDK Runtime Environment (11.0.10) (build 11.0.10+0-b96-7249189)
# Java VM: OpenJDK 64-Bit Server VM (11.0.10+0-b96-7249189, mixed mode, tiered, compressed oops, g1 gc, windows-amd64)
Heap:
 garbage-first heap   total 157696K, used 125385K [0x0000000080000000, 0x0000000100000000)
  region size 1024K, 3 young (3072K), 1 survivors (1024K)
 Metaspace       used 120320K, capacity 123293K, committed 123392K, reserved 1157120K
  class space    used 15303K, capacity 16303K, committed 16384K, reserved 1048576K
GC Heap History (20 events):
Event: 3685.493 GC heap before
{Heap before GC invocations=108 (full 0):
 garbage-first heap   total 157696K, used 136661K [0x0000000080000000, 0x0000000100000000)
  region size 1024K, 13 young (13312K), 1 survivors (1024K)
 Metaspace       used 120298K, capacity 123229K, committed 123392K, reserved 1157120K
  class space    used 15302K, capacity 16303K, committed 16384K, reserved 1048576K
}
Event: 3685.496 GC heap after
{Heap after GC invocations=109 (full 0):
 garbage-first heap   total 157696K, used 124045K [0x0000000080000000, 0x0000000100000000)
  region size 1024K, 1 young (1024K), 1 survivors (1024K)
 Metaspace       used 120298K, capacity 123229K, committed 123392K, reserved 1157120K
  class space    used 15302K, capacity 16303K, committed 16384K, reserved 1048576K
}
Event: 3685.922 GC heap before
{Heap before GC invocations=109 (full 0):
 garbage-first heap   total 157696K, used 136333K [0x0000000080000000, 0x0000000100000000)
  region size 1024K, 13 young (13312K), 1 survivors (1024K)
 Metaspace       used 120298K, capacity 123229K, committed 123392K, reserved 1157120K
  class space    used 15302K, capacity 16303K, committed 16384K, reserved 1048576K
}
Event: 3685.924 GC heap after
{Heap after GC invocations=110 (full 0):
 garbage-first heap   total 157696K, used 124125K [0x0000000080000000, 0x0000000100000000)
  region size 1024K, 1 young (1024K), 1 survivors (1024K)
 Metaspace       used 120298K, capacity 123229K, committed 123392K, reserved 1157120K
  class space    used 15302K, capacity 16303K, committed 16384K, reserved 1048576K
}
Event: 3686.722 GC heap before
{Heap before GC invocations=111 (full 0):
 garbage-first heap   total 157696K, used 137437K [0x0000000080000000, 0x0000000100000000)
  region size 1024K, 14 young (14336K), 1 survivors (1024K)
 Metaspace       used 120299K, capacity 123229K, committed 123392K, reserved 1157120K
  class space    used 15302K, capacity 16303K, committed 16384K, reserved 1048576K
}
Event: 3686.724 GC heap after
{Heap after GC invocations=112 (full 0):
 garbage-first heap   total 157696K, used 124075K [0x0000000080000000, 0x0000000100000000)
  region size 1024K, 1 young (1024K), 1 survivors (1024K)
 Metaspace       used 120299K, capacity 123229K, committed 123392K, reserved 1157120K
  class space    used 15302K, capacity 16303K, committed 16384K, reserved 1048576K
}
Event: 3687.268 GC heap before
{Heap before GC invocations=112 (full 0):
 garbage-first heap   total 157696K, used 137387K [0x0000000080000000, 0x0000000100000000)
  region size 1024K, 14 young (14336K), 1 survivors (1024K)
 Metaspace       used 120299K, capacity 123229K, committed 123392K, reserved 1157120K
  class space    used 15302K, capacity 16303K, committed 16384K, reserved 1048576K
}
Event: 3687.271 GC heap after
{Heap after GC invocations=113 (full 0):
 garbage-first heap   total 157696K, used 124114K [0x0000000080000000, 0x0000000100000000)
  region size 1024K, 1 young (1024K), 1 survivors (1024K)
 Metaspace       used 120299K, capacity 123229K, committed 123392K, reserved 1157120K
  class space    used 15302K, capacity 16303K, committed 16384K, reserved 1048576K
}
Event: 3687.871 GC heap before
{Heap before GC invocations=113 (full 0):
 garbage-first heap   total 157696K, used 136402K [0x0000000080000000, 0x0000000100000000)
  region size 1024K, 14 young (14336K), 1 survivors (1024K)
 Metaspace       used 120300K, capacity 123229K, committed 123392K, reserved 1157120K
  class space    used 15302K, capacity 16303K, committed 16384K, reserved 1048576K
}
Event: 3687.874 GC heap after
{Heap after GC invocations=114 (full 0):
 garbage-first heap   total 157696K, used 124228K [0x0000000080000000, 0x0000000100000000)
  region size 1024K, 1 young (1024K), 1 survivors (1024K)
 Metaspace       used 120300K, capacity 123229K, committed 123392K, reserved 1157120K
  class space    used 15302K, capacity 16303K, committed 16384K, reserved 1048576K
}
Event: 3688.324 GC heap before
{Heap before GC invocations=115 (full 0):
 garbage-first heap   total 157696K, used 137540K [0x0000000080000000, 0x0000000100000000)
  region size 1024K, 14 young (14336K), 1 survivors (1024K)
 Metaspace       used 120300K, capacity 123229K, committed 123392K, reserved 1157120K
  class space    used 15302K, capacity 16303K, committed 16384K, reserved 1048576K
}
Event: 3688.325 GC heap after
{Heap after GC invocations=116 (full 0):
 garbage-first heap   total 157696K, used 124186K [0x0000000080000000, 0x0000000100000000)
  region size 1024K, 1 young (1024K), 1 survivors (1024K)
 Metaspace       used 120300K, capacity 123229K, committed 123392K, reserved 1157120K
  class space    used 15302K, capacity 16303K, committed 16384K, reserved 1048576K
}
Event: 3688.689 GC heap before
{Heap before GC invocations=116 (full 0):
 garbage-first heap   total 157696K, used 137498K [0x0000000080000000, 0x0000000100000000)
  region size 1024K, 14 young (14336K), 1 survivors (1024K)
 Metaspace       used 120300K, capacity 123229K, committed 123392K, reserved 1157120K
  class space    used 15302K, capacity 16303K, committed 16384K, reserved 1048576K
}
Event: 3688.692 GC heap after
{Heap after GC invocations=117 (full 0):
 garbage-first heap   total 157696K, used 124245K [0x0000000080000000, 0x0000000100000000)
  region size 1024K, 1 young (1024K), 1 survivors (1024K)
 Metaspace       used 120300K, capacity 123229K, committed 123392K, reserved 1157120K
  class space    used 15302K, capacity 16303K, committed 16384K, reserved 1048576K
}
Event: 3689.287 GC heap before
{Heap before GC invocations=117 (full 0):
 garbage-first heap   total 157696K, used 137557K [0x0000000080000000, 0x0000000100000000)
  region size 1024K, 14 young (14336K), 1 survivors (1024K)
 Metaspace       used 120303K, capacity 123293K, committed 123392K, reserved 1157120K
  class space    used 15302K, capacity 16303K, committed 16384K, reserved 1048576K
}
Event: 3689.290 GC heap after
{Heap after GC invocations=118 (full 0):
 garbage-first heap   total 157696K, used 124266K [0x0000000080000000, 0x0000000100000000)
  region size 1024K, 1 young (1024K), 1 survivors (1024K)
 Metaspace       used 120303K, capacity 123293K, committed 123392K, reserved 1157120K
  class space    used 15302K, capacity 16303K, committed 16384K, reserved 1048576K
}
Event: 3689.646 GC heap before
{Heap before GC invocations=119 (full 0):
 garbage-first heap   total 157696K, used 137578K [0x0000000080000000, 0x0000000100000000)
  region size 1024K, 14 young (14336K), 1 survivors (1024K)
 Metaspace       used 120303K, capacity 123293K, committed 123392K, reserved 1157120K
  class space    used 15302K, capacity 16303K, committed 16384K, reserved 1048576K
}
Event: 3689.647 GC heap after
{Heap after GC invocations=120 (full 0):
 garbage-first heap   total 157696K, used 124297K [0x0000000080000000, 0x0000000100000000)
  region size 1024K, 1 young (1024K), 1 survivors (1024K)
 Metaspace       used 120303K, capacity 123293K, committed 123392K, reserved 1157120K
  class space    used 15302K, capacity 16303K, committed 16384K, reserved 1048576K
}
Event: 3689.783 GC heap before
{Heap before GC invocations=120 (full 0):
 garbage-first heap   total 157696K, used 137609K [0x0000000080000000, 0x0000000100000000)
  region size 1024K, 14 young (14336K), 1 survivors (1024K)
 Metaspace       used 120303K, capacity 123293K, committed 123392K, reserved 1157120K
  class space    used 15302K, capacity 16303K, committed 16384K, reserved 1048576K
}
Event: 3689.785 GC heap after
{Heap after GC invocations=121 (full 0):
 garbage-first heap   total 157696K, used 124337K [0x0000000080000000, 0x0000000100000000)
  region size 1024K, 1 young (1024K), 1 survivors (1024K)
 Metaspace       used 120303K, capacity 123293K, committed 123392K, reserved 1157120K
  class space    used 15302K, capacity 16303K, committed 16384K, reserved 1048576K
}

