# JRE version: OpenJDK Runtime Environment (11.0.10) (build 11.0.10+0-b96-7249189)
# Java VM: OpenJDK 64-Bit Server VM (11.0.10+0-b96-7249189, mixed mode, tiered, compressed oops, g1 gc, windows-amd64)
Heap:
 garbage-first heap   total 645120K, used 180890K [0x0000000080000000, 0x0000000100000000)
  region size 1024K, 7 young (7168K), 7 survivors (7168K)
 Metaspace       used 108987K, capacity 111921K, committed 112204K, reserved 1146880K
  class space    used 13727K, capacity 14868K, committed 14976K, reserved 1048576K
GC Heap History (20 events):
Event: 8413.150 GC heap after
{Heap after GC invocations=116 (full 0):
 garbage-first heap   total 328704K, used 178757K [0x0000000080000000, 0x0000000100000000)
  region size 1024K, 8 young (8192K), 8 survivors (8192K)
 Metaspace       used 106104K, capacity 108993K, committed 109132K, reserved 1144832K
  class space    used 13518K, capacity 14619K, committed 14720K, reserved 1048576K
}
Event: 8413.746 GC heap before
{Heap before GC invocations=116 (full 0):
 garbage-first heap   total 328704K, used 285253K [0x0000000080000000, 0x0000000100000000)
  region size 1024K, 112 young (114688K), 8 survivors (8192K)
 Metaspace       used 106108K, capacity 108993K, committed 109132K, reserved 1144832K
  class space    used 13518K, capacity 14619K, committed 14720K, reserved 1048576K
}
Event: 8413.761 GC heap after
{Heap after GC invocations=117 (full 0):
 garbage-first heap   total 328704K, used 176072K [0x0000000080000000, 0x0000000100000000)
  region size 1024K, 3 young (3072K), 3 survivors (3072K)
 Metaspace       used 106108K, capacity 108993K, committed 109132K, reserved 1144832K
  class space    used 13518K, capacity 14619K, committed 14720K, reserved 1048576K
}
Event: 8414.185 GC heap before
{Heap before GC invocations=117 (full 0):
 garbage-first heap   total 328704K, used 284616K [0x0000000080000000, 0x0000000100000000)
  region size 1024K, 109 young (111616K), 3 survivors (3072K)
 Metaspace       used 106108K, capacity 108993K, committed 109132K, reserved 1144832K
  class space    used 13518K, capacity 14619K, committed 14720K, reserved 1048576K
}
Event: 8414.194 GC heap after
{Heap after GC invocations=118 (full 0):
 garbage-first heap   total 328704K, used 176056K [0x0000000080000000, 0x0000000100000000)
  region size 1024K, 3 young (3072K), 3 survivors (3072K)
 Metaspace       used 106108K, capacity 108993K, committed 109132K, reserved 1144832K
  class space    used 13518K, capacity 14619K, committed 14720K, reserved 1048576K
}
Event: 8414.853 GC heap before
{Heap before GC invocations=118 (full 0):
 garbage-first heap   total 328704K, used 286648K [0x0000000080000000, 0x0000000100000000)
  region size 1024K, 111 young (113664K), 3 survivors (3072K)
 Metaspace       used 106112K, capacity 108996K, committed 109132K, reserved 1144832K
  class space    used 13519K, capacity 14620K, committed 14720K, reserved 1048576K
}
Event: 8414.864 GC heap after
{Heap after GC invocations=119 (full 0):
 garbage-first heap   total 328704K, used 176170K [0x0000000080000000, 0x0000000100000000)
  region size 1024K, 3 young (3072K), 3 survivors (3072K)
 Metaspace       used 106112K, capacity 108996K, committed 109132K, reserved 1144832K
  class space    used 13519K, capacity 14620K, committed 14720K, reserved 1048576K
}
Event: 8415.438 GC heap before
{Heap before GC invocations=119 (full 0):
 garbage-first heap   total 328704K, used 287786K [0x0000000080000000, 0x0000000100000000)
  region size 1024K, 112 young (114688K), 3 survivors (3072K)
 Metaspace       used 106112K, capacity 108996K, committed 109132K, reserved 1144832K
  class space    used 13519K, capacity 14620K, committed 14720K, reserved 1048576K
}
Event: 8415.451 GC heap after
{Heap after GC invocations=120 (full 0):
 garbage-first heap   total 328704K, used 176829K [0x0000000080000000, 0x0000000100000000)
  region size 1024K, 4 young (4096K), 4 survivors (4096K)
 Metaspace       used 106112K, capacity 108996K, committed 109132K, reserved 1144832K
  class space    used 13519K, capacity 14620K, committed 14720K, reserved 1048576K
}
Event: 8417.265 GC heap before
{Heap before GC invocations=120 (full 0):
 garbage-first heap   total 328704K, used 279229K [0x0000000080000000, 0x0000000100000000)
  region size 1024K, 100 young (102400K), 4 survivors (4096K)
 Metaspace       used 106376K, capacity 109390K, committed 109644K, reserved 1144832K
  class space    used 13544K, capacity 14661K, committed 14720K, reserved 1048576K
}
Event: 8417.280 GC heap after
{Heap after GC invocations=121 (full 0):
 garbage-first heap   total 395264K, used 178947K [0x0000000080000000, 0x0000000100000000)
  region size 1024K, 3 young (3072K), 3 survivors (3072K)
 Metaspace       used 106376K, capacity 109390K, committed 109644K, reserved 1144832K
  class space    used 13544K, capacity 14661K, committed 14720K, reserved 1048576K
}
Event: 8420.585 GC heap before
{Heap before GC invocations=122 (full 0):
 garbage-first heap   total 395264K, used 320259K [0x0000000080000000, 0x0000000100000000)
  region size 1024K, 151 young (154624K), 3 survivors (3072K)
 Metaspace       used 107218K, capacity 110182K, committed 110540K, reserved 1144832K
  class space    used 13610K, capacity 14730K, committed 14848K, reserved 1048576K
}
Event: 8420.727 GC heap after
{Heap after GC invocations=123 (full 0):
 garbage-first heap   total 395264K, used 212727K [0x0000000080000000, 0x0000000100000000)
  region size 1024K, 19 young (19456K), 19 survivors (19456K)
 Metaspace       used 107218K, capacity 110182K, committed 110540K, reserved 1144832K
  class space    used 13610K, capacity 14730K, committed 14848K, reserved 1048576K
}
Event: 8420.804 GC heap before
{Heap before GC invocations=123 (full 0):
 garbage-first heap   total 395264K, used 213751K [0x0000000080000000, 0x0000000100000000)
  region size 1024K, 20 young (20480K), 19 survivors (19456K)
 Metaspace       used 107218K, capacity 110182K, committed 110540K, reserved 1144832K
  class space    used 13610K, capacity 14730K, committed 14848K, reserved 1048576K
}
Event: 8420.904 GC heap after
{Heap after GC invocations=124 (full 0):
 garbage-first heap   total 395264K, used 177144K [0x0000000080000000, 0x0000000100000000)
  region size 1024K, 2 young (2048K), 2 survivors (2048K)
 Metaspace       used 107218K, capacity 110182K, committed 110540K, reserved 1144832K
  class space    used 13610K, capacity 14730K, committed 14848K, reserved 1048576K
}
Event: 8421.493 GC heap before
{Heap before GC invocations=124 (full 0):
 garbage-first heap   total 395264K, used 194552K [0x0000000080000000, 0x0000000100000000)
  region size 1024K, 19 young (19456K), 2 survivors (2048K)
 Metaspace       used 107229K, capacity 110188K, committed 110540K, reserved 1144832K
  class space    used 13610K, capacity 14731K, committed 14848K, reserved 1048576K
}
Event: 8421.534 GC heap after
{Heap after GC invocations=125 (full 0):
 garbage-first heap   total 395264K, used 161791K [0x0000000080000000, 0x0000000100000000)
  region size 1024K, 3 young (3072K), 3 survivors (3072K)
 Metaspace       used 107229K, capacity 110188K, committed 110540K, reserved 1144832K
  class space    used 13610K, capacity 14731K, committed 14848K, reserved 1048576K
}
Event: 8424.804 GC heap before
{Heap before GC invocations=125 (full 0):
 garbage-first heap   total 395264K, used 304127K [0x0000000080000000, 0x0000000100000000)
  region size 1024K, 133 young (136192K), 3 survivors (3072K)
 Metaspace       used 108244K, capacity 111248K, committed 111308K, reserved 1146880K
  class space    used 13700K, capacity 14824K, committed 14848K, reserved 1048576K
}
Event: 8424.845 GC heap after
{Heap after GC invocations=126 (full 0):
 garbage-first heap   total 395264K, used 184783K [0x0000000080000000, 0x0000000100000000)
  region size 1024K, 16 young (16384K), 16 survivors (16384K)
 Metaspace       used 108244K, capacity 111248K, committed 111308K, reserved 1146880K
  class space    used 13700K, capacity 14824K, committed 14848K, reserved 1048576K
}
Event: 8436.725 GC heap before
{Heap before GC invocations=126 (full 0):
 garbage-first heap   total 395264K, used 312783K [0x0000000080000000, 0x0000000100000000)
  region size 1024K, 133 young (136192K), 16 survivors (16384K)
 Metaspace       used 108987K, capacity 111921K, committed 112204K, reserved 1146880K
  class space    used 13727K, capacity 14868K, committed 14976K, reserved 1048576K
}

